<?xml version="1.0" encoding="UTF-8"?>
<coverage generated="1747396454967" clover="3.2.0">
  <project timestamp="1747396454968" name="All files">
    <metrics statements="13" coveredstatements="13" conditionals="10" coveredconditionals="10" methods="5" coveredmethods="5" elements="28" coveredelements="28" complexity="0" loc="13" ncloc="13" packages="1" files="1" classes="1"/>
    <file name="analyzeArray.js" path="/home/aleksa/Desktop/repos/odin-testing-practice/src/analyzeArray.js">
      <metrics statements="13" coveredstatements="13" conditionals="10" coveredconditionals="10" methods="5" coveredmethods="5"/>
      <line num="2" count="13" type="cond" truecount="2" falsecount="0"/>
      <line num="3" count="5" type="stmt"/>
      <line num="4" count="8" type="cond" truecount="2" falsecount="0"/>
      <line num="5" count="1" type="stmt"/>
      <line num="6" count="7" type="stmt"/>
      <line num="7" count="37" type="cond" truecount="2" falsecount="0"/>
      <line num="8" count="2" type="stmt"/>
      <line num="11" count="34" type="stmt"/>
      <line num="12" count="5" type="stmt"/>
      <line num="13" count="29" type="cond" truecount="2" falsecount="0"/>
      <line num="14" count="29" type="cond" truecount="2" falsecount="0"/>
      <line num="15" count="5" type="stmt"/>
      <line num="17" count="5" type="stmt"/>
    </file>
  </project>
</coverage>
