{"/home/aleksa/Desktop/repos/odin-testing-practice/src/analyzeArray.js": {"path":"/home/aleksa/Desktop/repos/odin-testing-practice/src/analyzeArray.js","statementMap":{"0":{"start":{"line":2,"column":4},"end":{"line":3,"column":67}},"1":{"start":{"line":3,"column":8},"end":{"line":3,"column":67}},"2":{"start":{"line":4,"column":4},"end":{"line":5,"column":25}},"3":{"start":{"line":5,"column":8},"end":{"line":5,"column":25}},"4":{"start":{"line":6,"column":4},"end":{"line":9,"column":7}},"5":{"start":{"line":7,"column":8},"end":{"line":8,"column":68}},"6":{"start":{"line":8,"column":12},"end":{"line":8,"column":68}},"7":{"start":{"line":11,"column":16},"end":{"line":11,"column":52}},"8":{"start":{"line":11,"column":41},"end":{"line":11,"column":49}},"9":{"start":{"line":12,"column":16},"end":{"line":12,"column":32}},"10":{"start":{"line":13,"column":16},"end":{"line":13,"column":61}},"11":{"start":{"line":13,"column":41},"end":{"line":13,"column":60}},"12":{"start":{"line":14,"column":16},"end":{"line":14,"column":61}},"13":{"start":{"line":14,"column":41},"end":{"line":14,"column":60}},"14":{"start":{"line":15,"column":19},"end":{"line":15,"column":31}},"15":{"start":{"line":17,"column":4},"end":{"line":17,"column":32}}},"fnMap":{"0":{"name":"analyzeArray","decl":{"start":{"line":1,"column":16},"end":{"line":1,"column":28}},"loc":{"start":{"line":1,"column":35},"end":{"line":18,"column":1}},"line":1},"1":{"name":"(anonymous_1)","decl":{"start":{"line":6,"column":18},"end":{"line":6,"column":19}},"loc":{"start":{"line":6,"column":29},"end":{"line":9,"column":5}},"line":6},"2":{"name":"(anonymous_2)","decl":{"start":{"line":11,"column":29},"end":{"line":11,"column":30}},"loc":{"start":{"line":11,"column":41},"end":{"line":11,"column":49}},"line":11},"3":{"name":"(anonymous_3)","decl":{"start":{"line":13,"column":29},"end":{"line":13,"column":30}},"loc":{"start":{"line":13,"column":41},"end":{"line":13,"column":60}},"line":13},"4":{"name":"(anonymous_4)","decl":{"start":{"line":14,"column":29},"end":{"line":14,"column":30}},"loc":{"start":{"line":14,"column":41},"end":{"line":14,"column":60}},"line":14}},"branchMap":{"0":{"loc":{"start":{"line":2,"column":4},"end":{"line":3,"column":67}},"type":"if","locations":[{"start":{"line":2,"column":4},"end":{"line":3,"column":67}},{"start":{},"end":{}}],"line":2},"1":{"loc":{"start":{"line":4,"column":4},"end":{"line":5,"column":25}},"type":"if","locations":[{"start":{"line":4,"column":4},"end":{"line":5,"column":25}},{"start":{},"end":{}}],"line":4},"2":{"loc":{"start":{"line":7,"column":8},"end":{"line":8,"column":68}},"type":"if","locations":[{"start":{"line":7,"column":8},"end":{"line":8,"column":68}},{"start":{},"end":{}}],"line":7},"3":{"loc":{"start":{"line":13,"column":41},"end":{"line":13,"column":60}},"type":"cond-expr","locations":[{"start":{"line":13,"column":52},"end":{"line":13,"column":55}},{"start":{"line":13,"column":56},"end":{"line":13,"column":60}}],"line":13},"4":{"loc":{"start":{"line":14,"column":41},"end":{"line":14,"column":60}},"type":"cond-expr","locations":[{"start":{"line":14,"column":52},"end":{"line":14,"column":55}},{"start":{"line":14,"column":56},"end":{"line":14,"column":60}}],"line":14}},"s":{"0":13,"1":5,"2":8,"3":1,"4":7,"5":37,"6":2,"7":5,"8":34,"9":5,"10":5,"11":29,"12":5,"13":29,"14":5,"15":5},"f":{"0":13,"1":37,"2":34,"3":29,"4":29},"b":{"0":[5,8],"1":[1,7],"2":[2,35],"3":[5,24],"4":[7,22]},"_coverageSchema":"1a1c01bbd47fc00a2c39e90264f33305004495a9","hash":"022810752232eeeaf263f8223b4dee79259e35ce"}
}
