TN:
SF:src/analyzeArray.js
FN:1,analyzeArray
FN:6,(anonymous_1)
FN:11,(anonymous_2)
FN:13,(anonymous_3)
FN:14,(anonymous_4)
FNF:5
FNH:5
FNDA:13,analyzeArray
FNDA:37,(anonymous_1)
FNDA:34,(anonymous_2)
FNDA:29,(anonymous_3)
FNDA:29,(anonymous_4)
DA:2,13
DA:3,5
DA:4,8
DA:5,1
DA:6,7
DA:7,37
DA:8,2
DA:11,34
DA:12,5
DA:13,29
DA:14,29
DA:15,5
DA:17,5
LF:13
LH:13
BRDA:2,0,0,5
BRDA:2,0,1,8
BRDA:4,1,0,1
BRDA:4,1,1,7
BRDA:7,2,0,2
BRDA:7,2,1,35
BRDA:13,3,0,5
BRDA:13,3,1,24
BRDA:14,4,0,7
BRDA:14,4,1,22
BRF:10
BRH:10
end_of_record
